<?xml version="1.0" encoding="UTF-8"?>
<!-- Generated by org.testng.reporters.JUnitReportReporter -->
<testsuite hostname="DESKTOP-KUO4ES1" failures="0" tests="1" name="Test.Test_001" time="3.796" errors="0" timestamp="2022-08-04T15:16:05 EDT" skipped="0">
  <testcase classname="Test.Test_001" name="search" time="3.796"/>
  <system-out/>
</testsuite> <!-- Test.Test_001 -->
